<?xml version="1.0" encoding="UTF-8"?>
<testsuite xmlns:xsi="http://www.w3.org/2001/XMLSchema-instance" xsi:noNamespaceSchemaLocation="https://maven.apache.org/surefire/maven-surefire-plugin/xsd/surefire-test-report.xsd" name="EMPTY_NAME" time="229.558" tests="16" errors="0" skipped="10" failures="2">
  <properties>
    <property name="awt.toolkit" value="sun.lwawt.macosx.LWCToolkit"/>
    <property name="java.specification.version" value="12"/>
    <property name="webdriver.chrome.driver" value="/Users/ulanovka/.m2/repository/webdriver/chromedriver/mac64/80.0.3987.106/chromedriver"/>
    <property name="sun.jnu.encoding" value="UTF-8"/>
    <property name="java.class.path" value="/Users/ulanovka/IdeaProjects/SchoolProjectBDD/target/test-classes:/Users/ulanovka/IdeaProjects/SchoolProjectBDD/target/classes:/Users/ulanovka/.m2/repository/org/seleniumhq/selenium/selenium-java/3.141.59/selenium-java-3.141.59.jar:/Users/ulanovka/.m2/repository/org/seleniumhq/selenium/selenium-api/3.141.59/selenium-api-3.141.59.jar:/Users/ulanovka/.m2/repository/org/seleniumhq/selenium/selenium-chrome-driver/3.141.59/selenium-chrome-driver-3.141.59.jar:/Users/ulanovka/.m2/repository/org/seleniumhq/selenium/selenium-edge-driver/3.141.59/selenium-edge-driver-3.141.59.jar:/Users/ulanovka/.m2/repository/org/seleniumhq/selenium/selenium-firefox-driver/3.141.59/selenium-firefox-driver-3.141.59.jar:/Users/ulanovka/.m2/repository/org/seleniumhq/selenium/selenium-ie-driver/3.141.59/selenium-ie-driver-3.141.59.jar:/Users/ulanovka/.m2/repository/org/seleniumhq/selenium/selenium-opera-driver/3.141.59/selenium-opera-driver-3.141.59.jar:/Users/ulanovka/.m2/repository/org/seleniumhq/selenium/selenium-remote-driver/3.141.59/selenium-remote-driver-3.141.59.jar:/Users/ulanovka/.m2/repository/org/seleniumhq/selenium/selenium-safari-driver/3.141.59/selenium-safari-driver-3.141.59.jar:/Users/ulanovka/.m2/repository/org/seleniumhq/selenium/selenium-support/3.141.59/selenium-support-3.141.59.jar:/Users/ulanovka/.m2/repository/net/bytebuddy/byte-buddy/1.8.15/byte-buddy-1.8.15.jar:/Users/ulanovka/.m2/repository/org/apache/commons/commons-exec/1.3/commons-exec-1.3.jar:/Users/ulanovka/.m2/repository/com/google/guava/guava/25.0-jre/guava-25.0-jre.jar:/Users/ulanovka/.m2/repository/com/google/code/findbugs/jsr305/1.3.9/jsr305-1.3.9.jar:/Users/ulanovka/.m2/repository/org/checkerframework/checker-compat-qual/2.0.0/checker-compat-qual-2.0.0.jar:/Users/ulanovka/.m2/repository/com/google/errorprone/error_prone_annotations/2.1.3/error_prone_annotations-2.1.3.jar:/Users/ulanovka/.m2/repository/com/google/j2objc/j2objc-annotations/1.1/j2objc-annotations-1.1.jar:/Users/ulanovka/.m2/repository/org/codehaus/mojo/animal-sniffer-annotations/1.14/animal-sniffer-annotations-1.14.jar:/Users/ulanovka/.m2/repository/com/squareup/okhttp3/okhttp/3.11.0/okhttp-3.11.0.jar:/Users/ulanovka/.m2/repository/com/squareup/okio/okio/1.14.0/okio-1.14.0.jar:/Users/ulanovka/.m2/repository/io/github/bonigarcia/webdrivermanager/3.8.0/webdrivermanager-3.8.0.jar:/Users/ulanovka/.m2/repository/org/slf4j/slf4j-api/1.7.25/slf4j-api-1.7.25.jar:/Users/ulanovka/.m2/repository/commons-io/commons-io/2.6/commons-io-2.6.jar:/Users/ulanovka/.m2/repository/com/google/code/gson/gson/2.8.5/gson-2.8.5.jar:/Users/ulanovka/.m2/repository/org/apache/commons/commons-lang3/3.8.1/commons-lang3-3.8.1.jar:/Users/ulanovka/.m2/repository/org/apache/httpcomponents/httpclient/4.5.6/httpclient-4.5.6.jar:/Users/ulanovka/.m2/repository/org/apache/httpcomponents/httpcore/4.4.10/httpcore-4.4.10.jar:/Users/ulanovka/.m2/repository/commons-logging/commons-logging/1.2/commons-logging-1.2.jar:/Users/ulanovka/.m2/repository/commons-codec/commons-codec/1.10/commons-codec-1.10.jar:/Users/ulanovka/.m2/repository/org/rauschig/jarchivelib/1.0.0/jarchivelib-1.0.0.jar:/Users/ulanovka/.m2/repository/org/apache/commons/commons-compress/1.18/commons-compress-1.18.jar:/Users/ulanovka/.m2/repository/org/jsoup/jsoup/1.11.3/jsoup-1.11.3.jar:/Users/ulanovka/.m2/repository/com/github/javafaker/javafaker/1.0.1/javafaker-1.0.1.jar:/Users/ulanovka/.m2/repository/org/yaml/snakeyaml/1.23/snakeyaml-1.23-android.jar:/Users/ulanovka/.m2/repository/com/github/mifmif/generex/1.0.2/generex-1.0.2.jar:/Users/ulanovka/.m2/repository/dk/brics/automaton/automaton/1.11-8/automaton-1.11-8.jar:/Users/ulanovka/.m2/repository/io/cucumber/cucumber-java/4.2.0/cucumber-java-4.2.0.jar:/Users/ulanovka/.m2/repository/io/cucumber/cucumber-core/4.2.0/cucumber-core-4.2.0.jar:/Users/ulanovka/.m2/repository/io/cucumber/cucumber-html/0.2.7/cucumber-html-0.2.7.jar:/Users/ulanovka/.m2/repository/io/cucumber/gherkin/5.1.0/gherkin-5.1.0.jar:/Users/ulanovka/.m2/repository/io/cucumber/tag-expressions/1.1.1/tag-expressions-1.1.1.jar:/Users/ulanovka/.m2/repository/io/cucumber/cucumber-expressions/6.2.0/cucumber-expressions-6.2.0.jar:/Users/ulanovka/.m2/repository/io/cucumber/datatable/1.1.7/datatable-1.1.7.jar:/Users/ulanovka/.m2/repository/io/cucumber/datatable-dependencies/1.1.7/datatable-dependencies-1.1.7.jar:/Users/ulanovka/.m2/repository/io/cucumber/cucumber-junit/4.2.0/cucumber-junit-4.2.0.jar:/Users/ulanovka/.m2/repository/junit/junit/4.12/junit-4.12.jar:/Users/ulanovka/.m2/repository/org/hamcrest/hamcrest-core/1.3/hamcrest-core-1.3.jar:/Users/ulanovka/.m2/repository/oracle/ojdbc6/11.2.0.3/ojdbc6-11.2.0.3.jar:"/>
    <property name="java.vm.vendor" value="Oracle Corporation"/>
    <property name="sun.arch.data.model" value="64"/>
    <property name="java.vendor.url" value="https://java.oracle.com/"/>
    <property name="user.timezone" value="America/Chicago"/>
    <property name="os.name" value="Mac OS X"/>
    <property name="java.vm.specification.version" value="12"/>
    <property name="sun.java.launcher" value="SUN_STANDARD"/>
    <property name="user.country" value="US"/>
    <property name="sun.boot.library.path" value="/Library/Java/JavaVirtualMachines/jdk-12.0.2.jdk/Contents/Home/lib"/>
    <property name="sun.java.command" value="/Users/ulanovka/IdeaProjects/SchoolProjectBDD/target/surefire/surefirebooter9202096959850402421.jar /Users/ulanovka/IdeaProjects/SchoolProjectBDD/target/surefire 2020-03-09T17-39-42_510-jvmRun1 surefire12605103134503897621tmp surefire_013896860677117627833tmp"/>
    <property name="http.nonProxyHosts" value="local|*.local|169.254/16|*.169.254/16"/>
    <property name="jdk.debug" value="release"/>
    <property name="surefire.test.class.path" value="/Users/ulanovka/IdeaProjects/SchoolProjectBDD/target/test-classes:/Users/ulanovka/IdeaProjects/SchoolProjectBDD/target/classes:/Users/ulanovka/.m2/repository/org/seleniumhq/selenium/selenium-java/3.141.59/selenium-java-3.141.59.jar:/Users/ulanovka/.m2/repository/org/seleniumhq/selenium/selenium-api/3.141.59/selenium-api-3.141.59.jar:/Users/ulanovka/.m2/repository/org/seleniumhq/selenium/selenium-chrome-driver/3.141.59/selenium-chrome-driver-3.141.59.jar:/Users/ulanovka/.m2/repository/org/seleniumhq/selenium/selenium-edge-driver/3.141.59/selenium-edge-driver-3.141.59.jar:/Users/ulanovka/.m2/repository/org/seleniumhq/selenium/selenium-firefox-driver/3.141.59/selenium-firefox-driver-3.141.59.jar:/Users/ulanovka/.m2/repository/org/seleniumhq/selenium/selenium-ie-driver/3.141.59/selenium-ie-driver-3.141.59.jar:/Users/ulanovka/.m2/repository/org/seleniumhq/selenium/selenium-opera-driver/3.141.59/selenium-opera-driver-3.141.59.jar:/Users/ulanovka/.m2/repository/org/seleniumhq/selenium/selenium-remote-driver/3.141.59/selenium-remote-driver-3.141.59.jar:/Users/ulanovka/.m2/repository/org/seleniumhq/selenium/selenium-safari-driver/3.141.59/selenium-safari-driver-3.141.59.jar:/Users/ulanovka/.m2/repository/org/seleniumhq/selenium/selenium-support/3.141.59/selenium-support-3.141.59.jar:/Users/ulanovka/.m2/repository/net/bytebuddy/byte-buddy/1.8.15/byte-buddy-1.8.15.jar:/Users/ulanovka/.m2/repository/org/apache/commons/commons-exec/1.3/commons-exec-1.3.jar:/Users/ulanovka/.m2/repository/com/google/guava/guava/25.0-jre/guava-25.0-jre.jar:/Users/ulanovka/.m2/repository/com/google/code/findbugs/jsr305/1.3.9/jsr305-1.3.9.jar:/Users/ulanovka/.m2/repository/org/checkerframework/checker-compat-qual/2.0.0/checker-compat-qual-2.0.0.jar:/Users/ulanovka/.m2/repository/com/google/errorprone/error_prone_annotations/2.1.3/error_prone_annotations-2.1.3.jar:/Users/ulanovka/.m2/repository/com/google/j2objc/j2objc-annotations/1.1/j2objc-annotations-1.1.jar:/Users/ulanovka/.m2/repository/org/codehaus/mojo/animal-sniffer-annotations/1.14/animal-sniffer-annotations-1.14.jar:/Users/ulanovka/.m2/repository/com/squareup/okhttp3/okhttp/3.11.0/okhttp-3.11.0.jar:/Users/ulanovka/.m2/repository/com/squareup/okio/okio/1.14.0/okio-1.14.0.jar:/Users/ulanovka/.m2/repository/io/github/bonigarcia/webdrivermanager/3.8.0/webdrivermanager-3.8.0.jar:/Users/ulanovka/.m2/repository/org/slf4j/slf4j-api/1.7.25/slf4j-api-1.7.25.jar:/Users/ulanovka/.m2/repository/commons-io/commons-io/2.6/commons-io-2.6.jar:/Users/ulanovka/.m2/repository/com/google/code/gson/gson/2.8.5/gson-2.8.5.jar:/Users/ulanovka/.m2/repository/org/apache/commons/commons-lang3/3.8.1/commons-lang3-3.8.1.jar:/Users/ulanovka/.m2/repository/org/apache/httpcomponents/httpclient/4.5.6/httpclient-4.5.6.jar:/Users/ulanovka/.m2/repository/org/apache/httpcomponents/httpcore/4.4.10/httpcore-4.4.10.jar:/Users/ulanovka/.m2/repository/commons-logging/commons-logging/1.2/commons-logging-1.2.jar:/Users/ulanovka/.m2/repository/commons-codec/commons-codec/1.10/commons-codec-1.10.jar:/Users/ulanovka/.m2/repository/org/rauschig/jarchivelib/1.0.0/jarchivelib-1.0.0.jar:/Users/ulanovka/.m2/repository/org/apache/commons/commons-compress/1.18/commons-compress-1.18.jar:/Users/ulanovka/.m2/repository/org/jsoup/jsoup/1.11.3/jsoup-1.11.3.jar:/Users/ulanovka/.m2/repository/com/github/javafaker/javafaker/1.0.1/javafaker-1.0.1.jar:/Users/ulanovka/.m2/repository/org/yaml/snakeyaml/1.23/snakeyaml-1.23-android.jar:/Users/ulanovka/.m2/repository/com/github/mifmif/generex/1.0.2/generex-1.0.2.jar:/Users/ulanovka/.m2/repository/dk/brics/automaton/automaton/1.11-8/automaton-1.11-8.jar:/Users/ulanovka/.m2/repository/io/cucumber/cucumber-java/4.2.0/cucumber-java-4.2.0.jar:/Users/ulanovka/.m2/repository/io/cucumber/cucumber-core/4.2.0/cucumber-core-4.2.0.jar:/Users/ulanovka/.m2/repository/io/cucumber/cucumber-html/0.2.7/cucumber-html-0.2.7.jar:/Users/ulanovka/.m2/repository/io/cucumber/gherkin/5.1.0/gherkin-5.1.0.jar:/Users/ulanovka/.m2/repository/io/cucumber/tag-expressions/1.1.1/tag-expressions-1.1.1.jar:/Users/ulanovka/.m2/repository/io/cucumber/cucumber-expressions/6.2.0/cucumber-expressions-6.2.0.jar:/Users/ulanovka/.m2/repository/io/cucumber/datatable/1.1.7/datatable-1.1.7.jar:/Users/ulanovka/.m2/repository/io/cucumber/datatable-dependencies/1.1.7/datatable-dependencies-1.1.7.jar:/Users/ulanovka/.m2/repository/io/cucumber/cucumber-junit/4.2.0/cucumber-junit-4.2.0.jar:/Users/ulanovka/.m2/repository/junit/junit/4.12/junit-4.12.jar:/Users/ulanovka/.m2/repository/org/hamcrest/hamcrest-core/1.3/hamcrest-core-1.3.jar:/Users/ulanovka/.m2/repository/oracle/ojdbc6/11.2.0.3/ojdbc6-11.2.0.3.jar:"/>
    <property name="sun.cpu.endian" value="little"/>
    <property name="user.home" value="/Users/ulanovka"/>
    <property name="user.language" value="en"/>
    <property name="java.specification.vendor" value="Oracle Corporation"/>
    <property name="java.version.date" value="2019-07-16"/>
    <property name="java.home" value="/Library/Java/JavaVirtualMachines/jdk-12.0.2.jdk/Contents/Home"/>
    <property name="file.separator" value="/"/>
    <property name="basedir" value="/Users/ulanovka/IdeaProjects/SchoolProjectBDD"/>
    <property name="java.vm.compressedOopsMode" value="Zero based"/>
    <property name="line.separator" value="&#10;"/>
    <property name="idea.version2019.2.4" value="true"/>
    <property name="java.vm.specification.vendor" value="Oracle Corporation"/>
    <property name="java.specification.name" value="Java Platform API Specification"/>
    <property name="java.awt.graphicsenv" value="sun.awt.CGraphicsEnvironment"/>
    <property name="surefire.real.class.path" value="/Users/ulanovka/IdeaProjects/SchoolProjectBDD/target/surefire/surefirebooter9202096959850402421.jar"/>
    <property name="sun.management.compiler" value="HotSpot 64-Bit Tiered Compilers"/>
    <property name="ftp.nonProxyHosts" value="local|*.local|169.254/16|*.169.254/16"/>
    <property name="java.runtime.version" value="12.0.2+10"/>
    <property name="user.name" value="ulanovka"/>
    <property name="path.separator" value=":"/>
    <property name="os.version" value="10.14.6"/>
    <property name="java.runtime.name" value="Java(TM) SE Runtime Environment"/>
    <property name="file.encoding" value="UTF-8"/>
    <property name="java.vm.name" value="Java HotSpot(TM) 64-Bit Server VM"/>
    <property name="localRepository" value="/Users/ulanovka/.m2/repository"/>
    <property name="java.vendor.url.bug" value="https://bugreport.java.com/bugreport/"/>
    <property name="java.io.tmpdir" value="/var/folders/gv/3vnzdnjs5nb2kd202kd7fkf80000gn/T/"/>
    <property name="java.version" value="12.0.2"/>
    <property name="user.dir" value="/Users/ulanovka/IdeaProjects/SchoolProjectBDD"/>
    <property name="os.arch" value="x86_64"/>
    <property name="java.vm.specification.name" value="Java Virtual Machine Specification"/>
    <property name="java.library.path" value="/Users/ulanovka/Library/Java/Extensions:/Library/Java/Extensions:/Network/Library/Java/Extensions:/System/Library/Java/Extensions:/usr/lib/java:."/>
    <property name="java.vm.info" value="mixed mode, sharing"/>
    <property name="java.vendor" value="Oracle Corporation"/>
    <property name="java.vm.version" value="12.0.2+10"/>
    <property name="sun.io.unicode.encoding" value="UnicodeBig"/>
    <property name="socksNonProxyHosts" value="local|*.local|169.254/16|*.169.254/16"/>
    <property name="java.class.version" value="56.0"/>
  </properties>
  <testcase name="Verification of the ability to update a teacher" classname="EMPTY_NAME" time="0.002"/>
  <testcase name="Changing Name and department of the teacher" classname="EMPTY_NAME" time="0">
    <skipped message="The step &quot;user should click on the all teachers button&quot; is undefined"/>
    <system-err><![CDATA[SLF4J: Failed to load class "org.slf4j.impl.StaticLoggerBinder".
SLF4J: Defaulting to no-operation (NOP) logger implementation
SLF4J: See http://www.slf4j.org/codes.html#StaticLoggerBinder for further details.
Starting ChromeDriver 80.0.3987.106 (f68069574609230cf9b635cd784cfb1bf81bb53a-refs/branch-heads/3987@{#882}) on port 47736
Only local connections are allowed.
Please protect ports used by ChromeDriver and related test frameworks to prevent access by malicious code.
Mar 09, 2020 5:39:45 PM org.openqa.selenium.remote.ProtocolHandshake createSession
INFO: Detected dialect: W3C
[1583793585.613][SEVERE]: Timed out receiving message from renderer: 0.100
[1583793585.716][SEVERE]: Timed out receiving message from renderer: 0.100
[1583793585.818][SEVERE]: Timed out receiving message from renderer: 0.100
[1583793585.920][SEVERE]: Timed out receiving message from renderer: 0.100
[1583793586.022][SEVERE]: Timed out receiving message from renderer: 0.100
[1583793586.123][SEVERE]: Timed out receiving message from renderer: 0.100
[1583793586.225][SEVERE]: Timed out receiving message from renderer: 0.100
[1583793586.327][SEVERE]: Timed out receiving message from renderer: 0.100
[1583793586.429][SEVERE]: Timed out receiving message from renderer: 0.100
[1583793586.531][SEVERE]: Timed out receiving message from renderer: 0.100
[1583793586.634][SEVERE]: Timed out receiving message from renderer: 0.100
[1583793586.735][SEVERE]: Timed out receiving message from renderer: 0.100
[1583793586.837][SEVERE]: Timed out receiving message from renderer: 0.100
[1583793586.938][SEVERE]: Timed out receiving message from renderer: 0.100
[1583793587.039][SEVERE]: Timed out receiving message from renderer: 0.100
[1583793587.140][SEVERE]: Timed out receiving message from renderer: 0.100
[1583793587.243][SEVERE]: Timed out receiving message from renderer: 0.100
[1583793587.345][SEVERE]: Timed out receiving message from renderer: 0.100
[1583793587.446][SEVERE]: Timed out receiving message from renderer: 0.100
[1583793587.548][SEVERE]: Timed out receiving message from renderer: 0.100
[1583793587.685][SEVERE]: Timed out receiving message from renderer: 0.100
[1583793588.028][SEVERE]: Timed out receiving message from renderer: 0.100
[1583793589.064][SEVERE]: Timed out receiving message from renderer: 0.100
[1583793691.044][SEVERE]: Timed out receiving message from renderer: 0.100
[1583793732.824][SEVERE]: Timed out receiving message from renderer: 0.100
[1583793769.931][SEVERE]: Timed out receiving message from renderer: 0.100
[1583793770.033][SEVERE]: Timed out receiving message from renderer: 0.100
[1583793770.165][SEVERE]: Timed out receiving message from renderer: 0.100
[1583793775.080][SEVERE]: Timed out receiving message from renderer: 0.100
[1583793805.345][SEVERE]: Timed out receiving message from renderer: 0.100
]]></system-err>
  </testcase>
  <testcase name="Changing Name and department of the teacher" classname="EMPTY_NAME" time="0">
    <skipped message="The step &quot;user shoudl be able to see added teachers&quot; is undefined"/>
  </testcase>
  <testcase name="Changing Name and department of the teacher" classname="EMPTY_NAME" time="0">
    <skipped message="The step &quot;user should clicks on the three dots sighn&quot; is undefined"/>
  </testcase>
  <testcase name="Changing Name and department of the teacher" classname="EMPTY_NAME" time="0">
    <skipped message="The step &quot;user should click on the edit button&quot; is undefined"/>
  </testcase>
  <testcase name="Changing Name and department of the teacher" classname="EMPTY_NAME" time="0">
    <skipped message="The step &quot;user should verify the edit teacher header&quot; is undefined"/>
  </testcase>
  <testcase name="Changing Name and department of the teacher" classname="EMPTY_NAME" time="0">
    <skipped message="The step &quot;user should update the &quot;Albert&quot; of the teacher&quot; is undefined"/>
  </testcase>
  <testcase name="Changing Name and department of the teacher" classname="EMPTY_NAME" time="0">
    <skipped message="The step &quot;user should update the &quot;Math&quot; of the teacher&quot; is undefined"/>
  </testcase>
  <testcase name="Changing Name and department of the teacher" classname="EMPTY_NAME" time="0">
    <skipped message="The step &quot;user should handle the pop-up message&quot; is undefined"/>
  </testcase>
  <testcase name="Changing Name and department of the teacher" classname="EMPTY_NAME" time="0">
    <skipped message="The step &quot;user should verify updated information on UI&quot; is undefined"/>
  </testcase>
  <testcase name="Changing Name and department of the teacher" classname="EMPTY_NAME" time="0">
    <skipped message="The step &quot;user should compare updated information in database with UI&quot; is undefined"/>
  </testcase>
  <testcase name="Verification of the ability to delete a teacher" classname="EMPTY_NAME" time="99.07"/>
  <testcase name="Verification of the ability to create a student" classname="EMPTY_NAME" time="44.823">
    <failure type="java.lang.AssertionError">java.lang.AssertionError
</failure>
    <system-out><![CDATA[Lionel
Lionel
6771
6771
{FIRST_NAME=Lionel, LAST_NAME=Messi, EMAIL=messi@gmail.com, JOIN_DATE=01/01/2010, PASSWORD=123, SUBJECT=Math, MOBILE_NUMBER=3124756521, GENDER=Male, ADMISSION_NO=10, BIRTH_DATE=01/01/1990, MAJOR=Football, BATCH=10, SECTION=LaLigA, PREMANENT_ADDRESS=921 W Huron St., COMPANY_NAME=Barcelona, TITLE=Goat, START_DATE=01/02/2010, CITY=Barcelona, STREET=Huron, ZIP_CODE=60742, STATE=IL}
01/01/2010
[{JOIN_DATE=01/01/2010, BIRTH_DATE=01/01/1990, FIRST_NAME=Lionel}]

{FIRST_NAME=Lionel, LAST_NAME=Messi, EMAIL=messi@gmail.com, JOIN_DATE=01/01/2010, PASSWORD=123, SUBJECT=Math, MOBILE_NUMBER=3124756521, GENDER=Male, ADMISSION_NO=10, BIRTH_DATE=01/01/1990, MAJOR=Football, BATCH=10, SECTION=LaLigA, PREMANENT_ADDRESS=921 W Huron St., COMPANY_NAME=Barcelona, TITLE=Goat, START_DATE=01/02/2010, CITY=Barcelona, STREET=Huron, ZIP_CODE=60742, STATE=IL}
[JOIN_DATE, BIRTH_DATE, FIRST_NAME]
01/01/2010
]]></system-out>
  </testcase>
  <testcase name="Verification of the ability to update a student" classname="EMPTY_NAME" time="37.111">
    <failure message="TEST FAILED expected:&lt;[]Phyliss&gt; but was:&lt;[John]Phyliss&gt;" type="org.junit.ComparisonFailure"><![CDATA[org.junit.ComparisonFailure: TEST FAILED expected:<[]Phyliss> but was:<[John]Phyliss>
]]></failure>
  </testcase>
  <testcase name="Verification of the ability to delete a student" classname="EMPTY_NAME" time="35.293"/>
  <testcase name="Verification of the ability to create a teacher" classname="EMPTY_NAME" time="8.006"/>
</testsuite>